Running SLURM prolog script on red6116
===============================================================================
Job started on Fri Dec 27 20:49:04 GMT 2024
Job ID          : 152734
Job name        : 321
WorkDir         : /iridisfs/scratch/ba3g18/Lithium/Pre-opt/[321]
Command         : /iridisfs/scratch/ba3g18/Lithium/Pre-opt/[321]/QE_py.submit
Partition       : batch
Num hosts       : 1
Num cores       : 192
Num of tasks    : 192
Hosts allocated : red6116
Job Output Follows ...
===============================================================================
/scratch/ba3g18/Installations/mambaforge/envs/Simulations/lib/python3.12/site-packages/ase/io/espresso.py:1617: UserWarning: ibrav specified without celldm(1) ASE will guess them, use with care
  warnings.warn('ibrav specified without celldm(1)'
Surface energy: 0.5274 J/m^2
==============================================================================
Running epilogue script on red6116.

Submit time  : 2024-12-27T19:56:14
Start time   : 2024-12-27T20:49:04
End time     : 2024-12-27T21:12:15
Elapsed time : 00:23:11 (Timelimit=2-12:00:00)

Job ID: 152734
Cluster: iridis_vi
User/Group: ba3g18/eb
State: COMPLETED (exit code 0)
Nodes: 1
Cores per node: 192
CPU Utilized: 3-00:41:42
CPU Efficiency: 97.99% of 3-02:11:12 core-walltime
Job Wall-clock time: 00:23:11
Memory Utilized: 187.65 GB (estimated maximum)
Memory Efficiency: 29.87% of 628.12 GB (3.27 GB/core)

