GERun: 
GERun: Note: Lines like this one prefixed with "GERun:" are for debugging
GERun:       purposes only and you do not need to report them to rc-support
GERun:       unless your job fails for other reasons.
GERun: 
GERun: 
GERun: Grid Engine parallel launcher abstraction layer version iv (public)
GERun: Dr Owain Kenway, RCAS, RITS, ISD, UCL, 7th of February, 2018
GERun: 
GERun: For licensing terms, see LICENSE.txt
GERun: 
GERun: Using environment: intel
GERun: Running on 360 slots:
GERun:   360 MPI tasks
GERun:     1 threads per task
GERun: TMPDIR=/tmpdir/job/1674524.undefined
GERun: 
GERun: Contents of machinefile:
GERun: node-c12l-005
GERun: node-c12l-005
GERun: node-c12l-005
GERun: node-c12l-005
GERun: node-c12l-005
GERun: node-c12l-005
GERun: node-c12l-005
GERun: node-c12l-005
GERun: node-c12l-005
GERun: node-c12l-005
GERun: node-c12l-005
GERun: node-c12l-005
GERun: node-c12l-005
GERun: node-c12l-005
GERun: node-c12l-005
GERun: node-c12l-005
GERun: node-c12l-005
GERun: node-c12l-005
GERun: node-c12l-005
GERun: node-c12l-005
GERun: node-c12l-005
GERun: node-c12l-005
GERun: node-c12l-005
GERun: node-c12l-005
GERun: node-c12l-005
GERun: node-c12l-005
GERun: node-c12l-005
GERun: node-c12l-005
GERun: node-c12l-005
GERun: node-c12l-005
GERun: node-c12l-005
GERun: node-c12l-005
GERun: node-c12l-005
GERun: node-c12l-005
GERun: node-c12l-005
GERun: node-c12l-005
GERun: node-c12l-005
GERun: node-c12l-005
GERun: node-c12l-005
GERun: node-c12l-005
GERun: node-c12d-007
GERun: node-c12d-007
GERun: node-c12d-007
GERun: node-c12d-007
GERun: node-c12d-007
GERun: node-c12d-007
GERun: node-c12d-007
GERun: node-c12d-007
GERun: node-c12d-007
GERun: node-c12d-007
GERun: node-c12d-007
GERun: node-c12d-007
GERun: node-c12d-007
GERun: node-c12d-007
GERun: node-c12d-007
GERun: node-c12d-007
GERun: node-c12d-007
GERun: node-c12d-007
GERun: node-c12d-007
GERun: node-c12d-007
GERun: node-c12d-007
GERun: node-c12d-007
GERun: node-c12d-007
GERun: node-c12d-007
GERun: node-c12d-007
GERun: node-c12d-007
GERun: node-c12d-007
GERun: node-c12d-007
GERun: node-c12d-007
GERun: node-c12d-007
GERun: node-c12d-007
GERun: node-c12d-007
GERun: node-c12d-007
GERun: node-c12d-007
GERun: node-c12d-007
GERun: node-c12d-007
GERun: node-c12d-007
GERun: node-c12d-007
GERun: node-c12d-007
GERun: node-c12d-007
GERun: node-c12m-001
GERun: node-c12m-001
GERun: node-c12m-001
GERun: node-c12m-001
GERun: node-c12m-001
GERun: node-c12m-001
GERun: node-c12m-001
GERun: node-c12m-001
GERun: node-c12m-001
GERun: node-c12m-001
GERun: node-c12m-001
GERun: node-c12m-001
GERun: node-c12m-001
GERun: node-c12m-001
GERun: node-c12m-001
GERun: node-c12m-001
GERun: node-c12m-001
GERun: node-c12m-001
GERun: node-c12m-001
GERun: node-c12m-001
GERun: node-c12m-001
GERun: node-c12m-001
GERun: node-c12m-001
GERun: node-c12m-001
GERun: node-c12m-001
GERun: node-c12m-001
GERun: node-c12m-001
GERun: node-c12m-001
GERun: node-c12m-001
GERun: node-c12m-001
GERun: node-c12m-001
GERun: node-c12m-001
GERun: node-c12m-001
GERun: node-c12m-001
GERun: node-c12m-001
GERun: node-c12m-001
GERun: node-c12m-001
GERun: node-c12m-001
GERun: node-c12m-001
GERun: node-c12m-001
GERun: node-c12d-005
GERun: node-c12d-005
GERun: node-c12d-005
GERun: node-c12d-005
GERun: node-c12d-005
GERun: node-c12d-005
GERun: node-c12d-005
GERun: node-c12d-005
GERun: node-c12d-005
GERun: node-c12d-005
GERun: node-c12d-005
GERun: node-c12d-005
GERun: node-c12d-005
GERun: node-c12d-005
GERun: node-c12d-005
GERun: node-c12d-005
GERun: node-c12d-005
GERun: node-c12d-005
GERun: node-c12d-005
GERun: node-c12d-005
GERun: node-c12d-005
GERun: node-c12d-005
GERun: node-c12d-005
GERun: node-c12d-005
GERun: node-c12d-005
GERun: node-c12d-005
GERun: node-c12d-005
GERun: node-c12d-005
GERun: node-c12d-005
GERun: node-c12d-005
GERun: node-c12d-005
GERun: node-c12d-005
GERun: node-c12d-005
GERun: node-c12d-005
GERun: node-c12d-005
GERun: node-c12d-005
GERun: node-c12d-005
GERun: node-c12d-005
GERun: node-c12d-005
GERun: node-c12d-005
GERun: node-c12e-001
GERun: node-c12e-001
GERun: node-c12e-001
GERun: node-c12e-001
GERun: node-c12e-001
GERun: node-c12e-001
GERun: node-c12e-001
GERun: node-c12e-001
GERun: node-c12e-001
GERun: node-c12e-001
GERun: node-c12e-001
GERun: node-c12e-001
GERun: node-c12e-001
GERun: node-c12e-001
GERun: node-c12e-001
GERun: node-c12e-001
GERun: node-c12e-001
GERun: node-c12e-001
GERun: node-c12e-001
GERun: node-c12e-001
GERun: node-c12e-001
GERun: node-c12e-001
GERun: node-c12e-001
GERun: node-c12e-001
GERun: node-c12e-001
GERun: node-c12e-001
GERun: node-c12e-001
GERun: node-c12e-001
GERun: node-c12e-001
GERun: node-c12e-001
GERun: node-c12e-001
GERun: node-c12e-001
GERun: node-c12e-001
GERun: node-c12e-001
GERun: node-c12e-001
GERun: node-c12e-001
GERun: node-c12e-001
GERun: node-c12e-001
GERun: node-c12e-001
GERun: node-c12e-001
GERun: node-c12c-004
GERun: node-c12c-004
GERun: node-c12c-004
GERun: node-c12c-004
GERun: node-c12c-004
GERun: node-c12c-004
GERun: node-c12c-004
GERun: node-c12c-004
GERun: node-c12c-004
GERun: node-c12c-004
GERun: node-c12c-004
GERun: node-c12c-004
GERun: node-c12c-004
GERun: node-c12c-004
GERun: node-c12c-004
GERun: node-c12c-004
GERun: node-c12c-004
GERun: node-c12c-004
GERun: node-c12c-004
GERun: node-c12c-004
GERun: node-c12c-004
GERun: node-c12c-004
GERun: node-c12c-004
GERun: node-c12c-004
GERun: node-c12c-004
GERun: node-c12c-004
GERun: node-c12c-004
GERun: node-c12c-004
GERun: node-c12c-004
GERun: node-c12c-004
GERun: node-c12c-004
GERun: node-c12c-004
GERun: node-c12c-004
GERun: node-c12c-004
GERun: node-c12c-004
GERun: node-c12c-004
GERun: node-c12c-004
GERun: node-c12c-004
GERun: node-c12c-004
GERun: node-c12c-004
GERun: node-c12o-008
GERun: node-c12o-008
GERun: node-c12o-008
GERun: node-c12o-008
GERun: node-c12o-008
GERun: node-c12o-008
GERun: node-c12o-008
GERun: node-c12o-008
GERun: node-c12o-008
GERun: node-c12o-008
GERun: node-c12o-008
GERun: node-c12o-008
GERun: node-c12o-008
GERun: node-c12o-008
GERun: node-c12o-008
GERun: node-c12o-008
GERun: node-c12o-008
GERun: node-c12o-008
GERun: node-c12o-008
GERun: node-c12o-008
GERun: node-c12o-008
GERun: node-c12o-008
GERun: node-c12o-008
GERun: node-c12o-008
GERun: node-c12o-008
GERun: node-c12o-008
GERun: node-c12o-008
GERun: node-c12o-008
GERun: node-c12o-008
GERun: node-c12o-008
GERun: node-c12o-008
GERun: node-c12o-008
GERun: node-c12o-008
GERun: node-c12o-008
GERun: node-c12o-008
GERun: node-c12o-008
GERun: node-c12o-008
GERun: node-c12o-008
GERun: node-c12o-008
GERun: node-c12o-008
GERun: node-c12p-001
GERun: node-c12p-001
GERun: node-c12p-001
GERun: node-c12p-001
GERun: node-c12p-001
GERun: node-c12p-001
GERun: node-c12p-001
GERun: node-c12p-001
GERun: node-c12p-001
GERun: node-c12p-001
GERun: node-c12p-001
GERun: node-c12p-001
GERun: node-c12p-001
GERun: node-c12p-001
GERun: node-c12p-001
GERun: node-c12p-001
GERun: node-c12p-001
GERun: node-c12p-001
GERun: node-c12p-001
GERun: node-c12p-001
GERun: node-c12p-001
GERun: node-c12p-001
GERun: node-c12p-001
GERun: node-c12p-001
GERun: node-c12p-001
GERun: node-c12p-001
GERun: node-c12p-001
GERun: node-c12p-001
GERun: node-c12p-001
GERun: node-c12p-001
GERun: node-c12p-001
GERun: node-c12p-001
GERun: node-c12p-001
GERun: node-c12p-001
GERun: node-c12p-001
GERun: node-c12p-001
GERun: node-c12p-001
GERun: node-c12p-001
GERun: node-c12p-001
GERun: node-c12p-001
GERun: node-c12m-006
GERun: node-c12m-006
GERun: node-c12m-006
GERun: node-c12m-006
GERun: node-c12m-006
GERun: node-c12m-006
GERun: node-c12m-006
GERun: node-c12m-006
GERun: node-c12m-006
GERun: node-c12m-006
GERun: node-c12m-006
GERun: node-c12m-006
GERun: node-c12m-006
GERun: node-c12m-006
GERun: node-c12m-006
GERun: node-c12m-006
GERun: node-c12m-006
GERun: node-c12m-006
GERun: node-c12m-006
GERun: node-c12m-006
GERun: node-c12m-006
GERun: node-c12m-006
GERun: node-c12m-006
GERun: node-c12m-006
GERun: node-c12m-006
GERun: node-c12m-006
GERun: node-c12m-006
GERun: node-c12m-006
GERun: node-c12m-006
GERun: node-c12m-006
GERun: node-c12m-006
GERun: node-c12m-006
GERun: node-c12m-006
GERun: node-c12m-006
GERun: node-c12m-006
GERun: node-c12m-006
GERun: node-c12m-006
GERun: node-c12m-006
GERun: node-c12m-006
GERun: node-c12m-006
GERun: 
GERun: GErun command being run:
GERun:  mpirun --rsh=ssh -machinefile /tmpdir/job/1674524.undefined/machines.unique -np 360 -rr /lustre/home/mmm1182/Repos/q-e/bin/pw.x --environ -in espresso.pwi
