
The following have been reloaded with a version change:
  1) cray-libsci/22.12.1.1 => cray-libsci/23.09.1.1

/work/e89/e89/ba3g18/Installations/miniforge3/envs/Ibrav-ase/lib/python3.12/site-packages/ase/io/espresso.py:1617: UserWarning: ibrav specified without celldm(1) ASE will guess them, use with care
  warnings.warn('ibrav specified without celldm(1)'
/work/e89/e89/ba3g18/Installations/miniforge3/envs/Ibrav-ase/lib/python3.12/site-packages/ase/io/espresso.py:1617: UserWarning: ibrav specified without celldm(1) ASE will guess them, use with care
  warnings.warn('ibrav specified without celldm(1)'
/work/e89/e89/ba3g18/Installations/miniforge3/envs/Ibrav-ase/lib/python3.12/site-packages/ase/io/espresso.py:1617: UserWarning: ibrav specified without celldm(1) ASE will guess them, use with care
  warnings.warn('ibrav specified without celldm(1)'
/work/e89/e89/ba3g18/Installations/miniforge3/envs/Ibrav-ase/lib/python3.12/site-packages/ase/io/espresso.py:1617: UserWarning: ibrav specified without celldm(1) ASE will guess them, use with care
  warnings.warn('ibrav specified without celldm(1)'
/work/e89/e89/ba3g18/Installations/miniforge3/envs/Ibrav-ase/lib/python3.12/site-packages/ase/io/espresso.py:1617: UserWarning: ibrav specified without celldm(1) ASE will guess them, use with care
  warnings.warn('ibrav specified without celldm(1)'
/work/e89/e89/ba3g18/Installations/miniforge3/envs/Ibrav-ase/lib/python3.12/site-packages/ase/io/espresso.py:1617: UserWarning: ibrav specified without celldm(1) ASE will guess them, use with care
  warnings.warn('ibrav specified without celldm(1)'
/work/e89/e89/ba3g18/Installations/miniforge3/envs/Ibrav-ase/lib/python3.12/site-packages/ase/io/espresso.py:1617: UserWarning: ibrav specified without celldm(1) ASE will guess them, use with care
  warnings.warn('ibrav specified without celldm(1)'
/work/e89/e89/ba3g18/Installations/miniforge3/envs/Ibrav-ase/lib/python3.12/site-packages/ase/io/espresso.py:1617: UserWarning: ibrav specified without celldm(1) ASE will guess them, use with care
  warnings.warn('ibrav specified without celldm(1)'
/work/e89/e89/ba3g18/Installations/miniforge3/envs/Ibrav-ase/lib/python3.12/site-packages/ase/io/espresso.py:1617: UserWarning: ibrav specified without celldm(1) ASE will guess them, use with care
  warnings.warn('ibrav specified without celldm(1)'
/work/e89/e89/ba3g18/Installations/miniforge3/envs/Ibrav-ase/lib/python3.12/site-packages/ase/io/espresso.py:1617: UserWarning: ibrav specified without celldm(1) ASE will guess them, use with care
  warnings.warn('ibrav specified without celldm(1)'
/work/e89/e89/ba3g18/Installations/miniforge3/envs/Ibrav-ase/lib/python3.12/site-packages/ase/io/espresso.py:1617: UserWarning: ibrav specified without celldm(1) ASE will guess them, use with care
  warnings.warn('ibrav specified without celldm(1)'
/work/e89/e89/ba3g18/Installations/miniforge3/envs/Ibrav-ase/lib/python3.12/site-packages/ase/io/espresso.py:1617: UserWarning: ibrav specified without celldm(1) ASE will guess them, use with care
  warnings.warn('ibrav specified without celldm(1)'
/work/e89/e89/ba3g18/Installations/miniforge3/envs/Ibrav-ase/lib/python3.12/site-packages/ase/io/espresso.py:1617: UserWarning: ibrav specified without celldm(1) ASE will guess them, use with care
  warnings.warn('ibrav specified without celldm(1)'
/work/e89/e89/ba3g18/Installations/miniforge3/envs/Ibrav-ase/lib/python3.12/site-packages/ase/io/espresso.py:1617: UserWarning: ibrav specified without celldm(1) ASE will guess them, use with care
  warnings.warn('ibrav specified without celldm(1)'
/work/e89/e89/ba3g18/Installations/miniforge3/envs/Ibrav-ase/lib/python3.12/site-packages/ase/io/espresso.py:1617: UserWarning: ibrav specified without celldm(1) ASE will guess them, use with care
  warnings.warn('ibrav specified without celldm(1)'
/work/e89/e89/ba3g18/Installations/miniforge3/envs/Ibrav-ase/lib/python3.12/site-packages/ase/io/espresso.py:1617: UserWarning: ibrav specified without celldm(1) ASE will guess them, use with care
  warnings.warn('ibrav specified without celldm(1)'
/work/e89/e89/ba3g18/Installations/miniforge3/envs/Ibrav-ase/lib/python3.12/site-packages/ase/io/espresso.py:1617: UserWarning: ibrav specified without celldm(1) ASE will guess them, use with care
  warnings.warn('ibrav specified without celldm(1)'
/work/e89/e89/ba3g18/Installations/miniforge3/envs/Ibrav-ase/lib/python3.12/site-packages/ase/io/espresso.py:1617: UserWarning: ibrav specified without celldm(1) ASE will guess them, use with care
  warnings.warn('ibrav specified without celldm(1)'
/work/e89/e89/ba3g18/Installations/miniforge3/envs/Ibrav-ase/lib/python3.12/site-packages/ase/io/espresso.py:1617: UserWarning: ibrav specified without celldm(1) ASE will guess them, use with care
  warnings.warn('ibrav specified without celldm(1)'
/work/e89/e89/ba3g18/Installations/miniforge3/envs/Ibrav-ase/lib/python3.12/site-packages/ase/io/espresso.py:1617: UserWarning: ibrav specified without celldm(1) ASE will guess them, use with care
  warnings.warn('ibrav specified without celldm(1)'
/work/e89/e89/ba3g18/Installations/miniforge3/envs/Ibrav-ase/lib/python3.12/site-packages/ase/io/espresso.py:1617: UserWarning: ibrav specified without celldm(1) ASE will guess them, use with care
  warnings.warn('ibrav specified without celldm(1)'
/work/e89/e89/ba3g18/Installations/miniforge3/envs/Ibrav-ase/lib/python3.12/site-packages/ase/io/espresso.py:1617: UserWarning: ibrav specified without celldm(1) ASE will guess them, use with care
  warnings.warn('ibrav specified without celldm(1)'
/work/e89/e89/ba3g18/Installations/miniforge3/envs/Ibrav-ase/lib/python3.12/site-packages/ase/io/espresso.py:1617: UserWarning: ibrav specified without celldm(1) ASE will guess them, use with care
  warnings.warn('ibrav specified without celldm(1)'
/work/e89/e89/ba3g18/Installations/miniforge3/envs/Ibrav-ase/lib/python3.12/site-packages/ase/io/espresso.py:1617: UserWarning: ibrav specified without celldm(1) ASE will guess them, use with care
  warnings.warn('ibrav specified without celldm(1)'
/work/e89/e89/ba3g18/Installations/miniforge3/envs/Ibrav-ase/lib/python3.12/site-packages/ase/io/espresso.py:1617: UserWarning: ibrav specified without celldm(1) ASE will guess them, use with care
  warnings.warn('ibrav specified without celldm(1)'
/work/e89/e89/ba3g18/Installations/miniforge3/envs/Ibrav-ase/lib/python3.12/site-packages/ase/io/espresso.py:1617: UserWarning: ibrav specified without celldm(1) ASE will guess them, use with care
  warnings.warn('ibrav specified without celldm(1)'
Surface energy: -0.1378 J/m^2
