srun: defined options
srun: -------------------- --------------------
srun: (null)              : nid[001919,002515,004561-004562]
srun: cpu-freq            : 2250000
srun: cpus-per-task       : 1
srun: distribution        : block:block
srun: hint                : nomultithread
srun: jobid               : 8561760
srun: job-name            : [311]
srun: nodes               : 4
srun: ntasks              : 512
srun: ntasks-per-node     : 128
srun: verbose             : 1
srun: -------------------- --------------------
srun: end of defined options
srun: jobid 8561760: nodes(4):`nid[001919,002515,004561-004562]', cpu counts: 256(x4)
srun: Implicitly setting --exact, because -c/--cpus-per-task given.
srun: launch/slurm: launch_p_step_launch: CpuBindType=threads,one_thread
srun: launching StepId=8561760.1 on host nid001919, 128 tasks: [0-127]
srun: launching StepId=8561760.1 on host nid002515, 128 tasks: [128-255]
srun: launching StepId=8561760.1 on host nid004561, 128 tasks: [256-383]
srun: launching StepId=8561760.1 on host nid004562, 128 tasks: [384-511]
srun: route/default: init: route default plugin loaded
srun: launch/slurm: _task_start: Node nid004561, 128 tasks started
srun: launch/slurm: _task_start: Node nid002515, 128 tasks started
srun: launch/slurm: _task_start: Node nid004562, 128 tasks started
srun: launch/slurm: _task_start: Node nid001919, 128 tasks started
