GERun: 
GERun: Note: Lines like this one prefixed with "GERun:" are for debugging
GERun:       purposes only and you do not need to report them to rc-support
GERun:       unless your job fails for other reasons.
GERun: 
GERun: 
GERun: Grid Engine parallel launcher abstraction layer version iv (public)
GERun: Dr Owain Kenway, RCAS, RITS, ISD, UCL, 7th of February, 2018
GERun: 
GERun: For licensing terms, see LICENSE.txt
GERun: 
GERun: Using environment: intel
GERun: Running on 440 slots:
GERun:   440 MPI tasks
GERun:     1 threads per task
GERun: TMPDIR=/tmpdir/job/1685647.undefined
GERun: 
GERun: Contents of machinefile:
GERun: node-c12p-006
GERun: node-c12p-006
GERun: node-c12p-006
GERun: node-c12p-006
GERun: node-c12p-006
GERun: node-c12p-006
GERun: node-c12p-006
GERun: node-c12p-006
GERun: node-c12p-006
GERun: node-c12p-006
GERun: node-c12p-006
GERun: node-c12p-006
GERun: node-c12p-006
GERun: node-c12p-006
GERun: node-c12p-006
GERun: node-c12p-006
GERun: node-c12p-006
GERun: node-c12p-006
GERun: node-c12p-006
GERun: node-c12p-006
GERun: node-c12p-006
GERun: node-c12p-006
GERun: node-c12p-006
GERun: node-c12p-006
GERun: node-c12p-006
GERun: node-c12p-006
GERun: node-c12p-006
GERun: node-c12p-006
GERun: node-c12p-006
GERun: node-c12p-006
GERun: node-c12p-006
GERun: node-c12p-006
GERun: node-c12p-006
GERun: node-c12p-006
GERun: node-c12p-006
GERun: node-c12p-006
GERun: node-c12p-006
GERun: node-c12p-006
GERun: node-c12p-006
GERun: node-c12p-006
GERun: node-c12i-003
GERun: node-c12i-003
GERun: node-c12i-003
GERun: node-c12i-003
GERun: node-c12i-003
GERun: node-c12i-003
GERun: node-c12i-003
GERun: node-c12i-003
GERun: node-c12i-003
GERun: node-c12i-003
GERun: node-c12i-003
GERun: node-c12i-003
GERun: node-c12i-003
GERun: node-c12i-003
GERun: node-c12i-003
GERun: node-c12i-003
GERun: node-c12i-003
GERun: node-c12i-003
GERun: node-c12i-003
GERun: node-c12i-003
GERun: node-c12i-003
GERun: node-c12i-003
GERun: node-c12i-003
GERun: node-c12i-003
GERun: node-c12i-003
GERun: node-c12i-003
GERun: node-c12i-003
GERun: node-c12i-003
GERun: node-c12i-003
GERun: node-c12i-003
GERun: node-c12i-003
GERun: node-c12i-003
GERun: node-c12i-003
GERun: node-c12i-003
GERun: node-c12i-003
GERun: node-c12i-003
GERun: node-c12i-003
GERun: node-c12i-003
GERun: node-c12i-003
GERun: node-c12i-003
GERun: node-c12f-001
GERun: node-c12f-001
GERun: node-c12f-001
GERun: node-c12f-001
GERun: node-c12f-001
GERun: node-c12f-001
GERun: node-c12f-001
GERun: node-c12f-001
GERun: node-c12f-001
GERun: node-c12f-001
GERun: node-c12f-001
GERun: node-c12f-001
GERun: node-c12f-001
GERun: node-c12f-001
GERun: node-c12f-001
GERun: node-c12f-001
GERun: node-c12f-001
GERun: node-c12f-001
GERun: node-c12f-001
GERun: node-c12f-001
GERun: node-c12f-001
GERun: node-c12f-001
GERun: node-c12f-001
GERun: node-c12f-001
GERun: node-c12f-001
GERun: node-c12f-001
GERun: node-c12f-001
GERun: node-c12f-001
GERun: node-c12f-001
GERun: node-c12f-001
GERun: node-c12f-001
GERun: node-c12f-001
GERun: node-c12f-001
GERun: node-c12f-001
GERun: node-c12f-001
GERun: node-c12f-001
GERun: node-c12f-001
GERun: node-c12f-001
GERun: node-c12f-001
GERun: node-c12f-001
GERun: node-c12i-006
GERun: node-c12i-006
GERun: node-c12i-006
GERun: node-c12i-006
GERun: node-c12i-006
GERun: node-c12i-006
GERun: node-c12i-006
GERun: node-c12i-006
GERun: node-c12i-006
GERun: node-c12i-006
GERun: node-c12i-006
GERun: node-c12i-006
GERun: node-c12i-006
GERun: node-c12i-006
GERun: node-c12i-006
GERun: node-c12i-006
GERun: node-c12i-006
GERun: node-c12i-006
GERun: node-c12i-006
GERun: node-c12i-006
GERun: node-c12i-006
GERun: node-c12i-006
GERun: node-c12i-006
GERun: node-c12i-006
GERun: node-c12i-006
GERun: node-c12i-006
GERun: node-c12i-006
GERun: node-c12i-006
GERun: node-c12i-006
GERun: node-c12i-006
GERun: node-c12i-006
GERun: node-c12i-006
GERun: node-c12i-006
GERun: node-c12i-006
GERun: node-c12i-006
GERun: node-c12i-006
GERun: node-c12i-006
GERun: node-c12i-006
GERun: node-c12i-006
GERun: node-c12i-006
GERun: node-c12h-007
GERun: node-c12h-007
GERun: node-c12h-007
GERun: node-c12h-007
GERun: node-c12h-007
GERun: node-c12h-007
GERun: node-c12h-007
GERun: node-c12h-007
GERun: node-c12h-007
GERun: node-c12h-007
GERun: node-c12h-007
GERun: node-c12h-007
GERun: node-c12h-007
GERun: node-c12h-007
GERun: node-c12h-007
GERun: node-c12h-007
GERun: node-c12h-007
GERun: node-c12h-007
GERun: node-c12h-007
GERun: node-c12h-007
GERun: node-c12h-007
GERun: node-c12h-007
GERun: node-c12h-007
GERun: node-c12h-007
GERun: node-c12h-007
GERun: node-c12h-007
GERun: node-c12h-007
GERun: node-c12h-007
GERun: node-c12h-007
GERun: node-c12h-007
GERun: node-c12h-007
GERun: node-c12h-007
GERun: node-c12h-007
GERun: node-c12h-007
GERun: node-c12h-007
GERun: node-c12h-007
GERun: node-c12h-007
GERun: node-c12h-007
GERun: node-c12h-007
GERun: node-c12h-007
GERun: node-c12j-002
GERun: node-c12j-002
GERun: node-c12j-002
GERun: node-c12j-002
GERun: node-c12j-002
GERun: node-c12j-002
GERun: node-c12j-002
GERun: node-c12j-002
GERun: node-c12j-002
GERun: node-c12j-002
GERun: node-c12j-002
GERun: node-c12j-002
GERun: node-c12j-002
GERun: node-c12j-002
GERun: node-c12j-002
GERun: node-c12j-002
GERun: node-c12j-002
GERun: node-c12j-002
GERun: node-c12j-002
GERun: node-c12j-002
GERun: node-c12j-002
GERun: node-c12j-002
GERun: node-c12j-002
GERun: node-c12j-002
GERun: node-c12j-002
GERun: node-c12j-002
GERun: node-c12j-002
GERun: node-c12j-002
GERun: node-c12j-002
GERun: node-c12j-002
GERun: node-c12j-002
GERun: node-c12j-002
GERun: node-c12j-002
GERun: node-c12j-002
GERun: node-c12j-002
GERun: node-c12j-002
GERun: node-c12j-002
GERun: node-c12j-002
GERun: node-c12j-002
GERun: node-c12j-002
GERun: node-c12n-007
GERun: node-c12n-007
GERun: node-c12n-007
GERun: node-c12n-007
GERun: node-c12n-007
GERun: node-c12n-007
GERun: node-c12n-007
GERun: node-c12n-007
GERun: node-c12n-007
GERun: node-c12n-007
GERun: node-c12n-007
GERun: node-c12n-007
GERun: node-c12n-007
GERun: node-c12n-007
GERun: node-c12n-007
GERun: node-c12n-007
GERun: node-c12n-007
GERun: node-c12n-007
GERun: node-c12n-007
GERun: node-c12n-007
GERun: node-c12n-007
GERun: node-c12n-007
GERun: node-c12n-007
GERun: node-c12n-007
GERun: node-c12n-007
GERun: node-c12n-007
GERun: node-c12n-007
GERun: node-c12n-007
GERun: node-c12n-007
GERun: node-c12n-007
GERun: node-c12n-007
GERun: node-c12n-007
GERun: node-c12n-007
GERun: node-c12n-007
GERun: node-c12n-007
GERun: node-c12n-007
GERun: node-c12n-007
GERun: node-c12n-007
GERun: node-c12n-007
GERun: node-c12n-007
GERun: node-c12d-008
GERun: node-c12d-008
GERun: node-c12d-008
GERun: node-c12d-008
GERun: node-c12d-008
GERun: node-c12d-008
GERun: node-c12d-008
GERun: node-c12d-008
GERun: node-c12d-008
GERun: node-c12d-008
GERun: node-c12d-008
GERun: node-c12d-008
GERun: node-c12d-008
GERun: node-c12d-008
GERun: node-c12d-008
GERun: node-c12d-008
GERun: node-c12d-008
GERun: node-c12d-008
GERun: node-c12d-008
GERun: node-c12d-008
GERun: node-c12d-008
GERun: node-c12d-008
GERun: node-c12d-008
GERun: node-c12d-008
GERun: node-c12d-008
GERun: node-c12d-008
GERun: node-c12d-008
GERun: node-c12d-008
GERun: node-c12d-008
GERun: node-c12d-008
GERun: node-c12d-008
GERun: node-c12d-008
GERun: node-c12d-008
GERun: node-c12d-008
GERun: node-c12d-008
GERun: node-c12d-008
GERun: node-c12d-008
GERun: node-c12d-008
GERun: node-c12d-008
GERun: node-c12d-008
GERun: node-c12l-004
GERun: node-c12l-004
GERun: node-c12l-004
GERun: node-c12l-004
GERun: node-c12l-004
GERun: node-c12l-004
GERun: node-c12l-004
GERun: node-c12l-004
GERun: node-c12l-004
GERun: node-c12l-004
GERun: node-c12l-004
GERun: node-c12l-004
GERun: node-c12l-004
GERun: node-c12l-004
GERun: node-c12l-004
GERun: node-c12l-004
GERun: node-c12l-004
GERun: node-c12l-004
GERun: node-c12l-004
GERun: node-c12l-004
GERun: node-c12l-004
GERun: node-c12l-004
GERun: node-c12l-004
GERun: node-c12l-004
GERun: node-c12l-004
GERun: node-c12l-004
GERun: node-c12l-004
GERun: node-c12l-004
GERun: node-c12l-004
GERun: node-c12l-004
GERun: node-c12l-004
GERun: node-c12l-004
GERun: node-c12l-004
GERun: node-c12l-004
GERun: node-c12l-004
GERun: node-c12l-004
GERun: node-c12l-004
GERun: node-c12l-004
GERun: node-c12l-004
GERun: node-c12l-004
GERun: node-c12g-001
GERun: node-c12g-001
GERun: node-c12g-001
GERun: node-c12g-001
GERun: node-c12g-001
GERun: node-c12g-001
GERun: node-c12g-001
GERun: node-c12g-001
GERun: node-c12g-001
GERun: node-c12g-001
GERun: node-c12g-001
GERun: node-c12g-001
GERun: node-c12g-001
GERun: node-c12g-001
GERun: node-c12g-001
GERun: node-c12g-001
GERun: node-c12g-001
GERun: node-c12g-001
GERun: node-c12g-001
GERun: node-c12g-001
GERun: node-c12g-001
GERun: node-c12g-001
GERun: node-c12g-001
GERun: node-c12g-001
GERun: node-c12g-001
GERun: node-c12g-001
GERun: node-c12g-001
GERun: node-c12g-001
GERun: node-c12g-001
GERun: node-c12g-001
GERun: node-c12g-001
GERun: node-c12g-001
GERun: node-c12g-001
GERun: node-c12g-001
GERun: node-c12g-001
GERun: node-c12g-001
GERun: node-c12g-001
GERun: node-c12g-001
GERun: node-c12g-001
GERun: node-c12g-001
GERun: node-c12f-007
GERun: node-c12f-007
GERun: node-c12f-007
GERun: node-c12f-007
GERun: node-c12f-007
GERun: node-c12f-007
GERun: node-c12f-007
GERun: node-c12f-007
GERun: node-c12f-007
GERun: node-c12f-007
GERun: node-c12f-007
GERun: node-c12f-007
GERun: node-c12f-007
GERun: node-c12f-007
GERun: node-c12f-007
GERun: node-c12f-007
GERun: node-c12f-007
GERun: node-c12f-007
GERun: node-c12f-007
GERun: node-c12f-007
GERun: node-c12f-007
GERun: node-c12f-007
GERun: node-c12f-007
GERun: node-c12f-007
GERun: node-c12f-007
GERun: node-c12f-007
GERun: node-c12f-007
GERun: node-c12f-007
GERun: node-c12f-007
GERun: node-c12f-007
GERun: node-c12f-007
GERun: node-c12f-007
GERun: node-c12f-007
GERun: node-c12f-007
GERun: node-c12f-007
GERun: node-c12f-007
GERun: node-c12f-007
GERun: node-c12f-007
GERun: node-c12f-007
GERun: node-c12f-007
GERun: 
GERun: GErun command being run:
GERun:  mpirun --rsh=ssh -machinefile /tmpdir/job/1685647.undefined/machines.unique -np 440 -rr /lustre/home/mmm1182/Repos/q-e/bin/pw.x -in espresso.pwi
