Running SLURM prolog script on red6116
===============================================================================
Job started on Wed Dec 25 12:25:34 GMT 2024
Job ID          : 152218
Job name        : 211
WorkDir         : /iridisfs/scratch/ba3g18/Lithium/Pre-opt/[211]
Command         : /iridisfs/scratch/ba3g18/Lithium/Pre-opt/[211]/QE_py.submit
Partition       : batch
Num hosts       : 1
Num cores       : 192
Num of tasks    : 192
Hosts allocated : red6116
Job Output Follows ...
===============================================================================
/scratch/ba3g18/Installations/mambaforge/envs/Simulations/lib/python3.12/site-packages/ase/io/espresso.py:1617: UserWarning: ibrav specified without celldm(1) ASE will guess them, use with care
  warnings.warn('ibrav specified without celldm(1)'
/scratch/ba3g18/Installations/mambaforge/envs/Simulations/lib/python3.12/site-packages/ase/io/espresso.py:1617: UserWarning: ibrav specified without celldm(1) ASE will guess them, use with care
  warnings.warn('ibrav specified without celldm(1)'
/scratch/ba3g18/Installations/mambaforge/envs/Simulations/lib/python3.12/site-packages/ase/io/espresso.py:1617: UserWarning: ibrav specified without celldm(1) ASE will guess them, use with care
  warnings.warn('ibrav specified without celldm(1)'
/scratch/ba3g18/Installations/mambaforge/envs/Simulations/lib/python3.12/site-packages/ase/io/espresso.py:1617: UserWarning: ibrav specified without celldm(1) ASE will guess them, use with care
  warnings.warn('ibrav specified without celldm(1)'
/scratch/ba3g18/Installations/mambaforge/envs/Simulations/lib/python3.12/site-packages/ase/io/espresso.py:1617: UserWarning: ibrav specified without celldm(1) ASE will guess them, use with care
  warnings.warn('ibrav specified without celldm(1)'
/scratch/ba3g18/Installations/mambaforge/envs/Simulations/lib/python3.12/site-packages/ase/io/espresso.py:1617: UserWarning: ibrav specified without celldm(1) ASE will guess them, use with care
  warnings.warn('ibrav specified without celldm(1)'
/scratch/ba3g18/Installations/mambaforge/envs/Simulations/lib/python3.12/site-packages/ase/io/espresso.py:1617: UserWarning: ibrav specified without celldm(1) ASE will guess them, use with care
  warnings.warn('ibrav specified without celldm(1)'
/scratch/ba3g18/Installations/mambaforge/envs/Simulations/lib/python3.12/site-packages/ase/io/espresso.py:1617: UserWarning: ibrav specified without celldm(1) ASE will guess them, use with care
  warnings.warn('ibrav specified without celldm(1)'
/scratch/ba3g18/Installations/mambaforge/envs/Simulations/lib/python3.12/site-packages/ase/io/espresso.py:1617: UserWarning: ibrav specified without celldm(1) ASE will guess them, use with care
  warnings.warn('ibrav specified without celldm(1)'
/scratch/ba3g18/Installations/mambaforge/envs/Simulations/lib/python3.12/site-packages/ase/io/espresso.py:1617: UserWarning: ibrav specified without celldm(1) ASE will guess them, use with care
  warnings.warn('ibrav specified without celldm(1)'
/scratch/ba3g18/Installations/mambaforge/envs/Simulations/lib/python3.12/site-packages/ase/io/espresso.py:1617: UserWarning: ibrav specified without celldm(1) ASE will guess them, use with care
  warnings.warn('ibrav specified without celldm(1)'
/scratch/ba3g18/Installations/mambaforge/envs/Simulations/lib/python3.12/site-packages/ase/io/espresso.py:1617: UserWarning: ibrav specified without celldm(1) ASE will guess them, use with care
  warnings.warn('ibrav specified without celldm(1)'
/scratch/ba3g18/Installations/mambaforge/envs/Simulations/lib/python3.12/site-packages/ase/io/espresso.py:1617: UserWarning: ibrav specified without celldm(1) ASE will guess them, use with care
  warnings.warn('ibrav specified without celldm(1)'
/scratch/ba3g18/Installations/mambaforge/envs/Simulations/lib/python3.12/site-packages/ase/io/espresso.py:1617: UserWarning: ibrav specified without celldm(1) ASE will guess them, use with care
  warnings.warn('ibrav specified without celldm(1)'
/scratch/ba3g18/Installations/mambaforge/envs/Simulations/lib/python3.12/site-packages/ase/io/espresso.py:1617: UserWarning: ibrav specified without celldm(1) ASE will guess them, use with care
  warnings.warn('ibrav specified without celldm(1)'
/scratch/ba3g18/Installations/mambaforge/envs/Simulations/lib/python3.12/site-packages/ase/io/espresso.py:1617: UserWarning: ibrav specified without celldm(1) ASE will guess them, use with care
  warnings.warn('ibrav specified without celldm(1)'
/scratch/ba3g18/Installations/mambaforge/envs/Simulations/lib/python3.12/site-packages/ase/io/espresso.py:1617: UserWarning: ibrav specified without celldm(1) ASE will guess them, use with care
  warnings.warn('ibrav specified without celldm(1)'
/scratch/ba3g18/Installations/mambaforge/envs/Simulations/lib/python3.12/site-packages/ase/io/espresso.py:1617: UserWarning: ibrav specified without celldm(1) ASE will guess them, use with care
  warnings.warn('ibrav specified without celldm(1)'
/scratch/ba3g18/Installations/mambaforge/envs/Simulations/lib/python3.12/site-packages/ase/io/espresso.py:1617: UserWarning: ibrav specified without celldm(1) ASE will guess them, use with care
  warnings.warn('ibrav specified without celldm(1)'
/scratch/ba3g18/Installations/mambaforge/envs/Simulations/lib/python3.12/site-packages/ase/io/espresso.py:1617: UserWarning: ibrav specified without celldm(1) ASE will guess them, use with care
  warnings.warn('ibrav specified without celldm(1)'
/scratch/ba3g18/Installations/mambaforge/envs/Simulations/lib/python3.12/site-packages/ase/io/espresso.py:1617: UserWarning: ibrav specified without celldm(1) ASE will guess them, use with care
  warnings.warn('ibrav specified without celldm(1)'
/scratch/ba3g18/Installations/mambaforge/envs/Simulations/lib/python3.12/site-packages/ase/io/espresso.py:1617: UserWarning: ibrav specified without celldm(1) ASE will guess them, use with care
  warnings.warn('ibrav specified without celldm(1)'
/scratch/ba3g18/Installations/mambaforge/envs/Simulations/lib/python3.12/site-packages/ase/io/espresso.py:1617: UserWarning: ibrav specified without celldm(1) ASE will guess them, use with care
  warnings.warn('ibrav specified without celldm(1)'
/scratch/ba3g18/Installations/mambaforge/envs/Simulations/lib/python3.12/site-packages/ase/io/espresso.py:1617: UserWarning: ibrav specified without celldm(1) ASE will guess them, use with care
  warnings.warn('ibrav specified without celldm(1)'
/scratch/ba3g18/Installations/mambaforge/envs/Simulations/lib/python3.12/site-packages/ase/io/espresso.py:1617: UserWarning: ibrav specified without celldm(1) ASE will guess them, use with care
  warnings.warn('ibrav specified without celldm(1)'
/scratch/ba3g18/Installations/mambaforge/envs/Simulations/lib/python3.12/site-packages/ase/io/espresso.py:1617: UserWarning: ibrav specified without celldm(1) ASE will guess them, use with care
  warnings.warn('ibrav specified without celldm(1)'
/scratch/ba3g18/Installations/mambaforge/envs/Simulations/lib/python3.12/site-packages/ase/io/espresso.py:1617: UserWarning: ibrav specified without celldm(1) ASE will guess them, use with care
  warnings.warn('ibrav specified without celldm(1)'
/scratch/ba3g18/Installations/mambaforge/envs/Simulations/lib/python3.12/site-packages/ase/io/espresso.py:1617: UserWarning: ibrav specified without celldm(1) ASE will guess them, use with care
  warnings.warn('ibrav specified without celldm(1)'
/scratch/ba3g18/Installations/mambaforge/envs/Simulations/lib/python3.12/site-packages/ase/io/espresso.py:1617: UserWarning: ibrav specified without celldm(1) ASE will guess them, use with care
  warnings.warn('ibrav specified without celldm(1)'
/scratch/ba3g18/Installations/mambaforge/envs/Simulations/lib/python3.12/site-packages/ase/io/espresso.py:1617: UserWarning: ibrav specified without celldm(1) ASE will guess them, use with care
  warnings.warn('ibrav specified without celldm(1)'
/scratch/ba3g18/Installations/mambaforge/envs/Simulations/lib/python3.12/site-packages/ase/io/espresso.py:1617: UserWarning: ibrav specified without celldm(1) ASE will guess them, use with care
  warnings.warn('ibrav specified without celldm(1)'
/scratch/ba3g18/Installations/mambaforge/envs/Simulations/lib/python3.12/site-packages/ase/io/espresso.py:1617: UserWarning: ibrav specified without celldm(1) ASE will guess them, use with care
  warnings.warn('ibrav specified without celldm(1)'
Surface energy: 0.5311 J/m^2
==============================================================================
Running epilogue script on red6116.

Submit time  : 2024-12-25T12:25:33
Start time   : 2024-12-25T12:25:34
End time     : 2024-12-25T21:36:50
Elapsed time : 09:11:16 (Timelimit=2-12:00:00)

Job ID: 152218
Cluster: iridis_vi
User/Group: ba3g18/eb
State: COMPLETED (exit code 0)
Nodes: 1
Cores per node: 192
CPU Utilized: 73-00:30:59
CPU Efficiency: 99.35% of 73-12:03:12 core-walltime
Job Wall-clock time: 09:11:16
Memory Utilized: 228.51 GB (estimated maximum)
Memory Efficiency: 36.38% of 628.12 GB (3.27 GB/core)

