Running SLURM prolog script on red6071
===============================================================================
Job started on Sat Dec 28 11:21:51 GMT 2024
Job ID          : 152813
Job name        : 322
WorkDir         : /iridisfs/scratch/ba3g18/Lithium/Pre-opt/[322]
Command         : /iridisfs/scratch/ba3g18/Lithium/Pre-opt/[322]/QE_py.submit
Partition       : batch
Num hosts       : 1
Num cores       : 192
Num of tasks    : 192
Hosts allocated : red6071
Job Output Follows ...
===============================================================================
/scratch/ba3g18/Installations/mambaforge/envs/Simulations/lib/python3.12/site-packages/ase/io/espresso.py:1617: UserWarning: ibrav specified without celldm(1) ASE will guess them, use with care
  warnings.warn('ibrav specified without celldm(1)'
Surface energy: 0.5291 J/m^2
==============================================================================
Running epilogue script on red6071.

Submit time  : 2024-12-28T11:21:50
Start time   : 2024-12-28T11:21:51
End time     : 2024-12-28T13:00:32
Elapsed time : 01:38:41 (Timelimit=2-12:00:00)

Job ID: 152813
Cluster: iridis_vi
User/Group: ba3g18/eb
State: COMPLETED (exit code 0)
Nodes: 1
Cores per node: 192
CPU Utilized: 13-02:41:09
CPU Efficiency: 99.65% of 13-03:47:12 core-walltime
Job Wall-clock time: 01:38:41
Memory Utilized: 412.38 GB (estimated maximum)
Memory Efficiency: 65.65% of 628.12 GB (3.27 GB/core)

