Running SLURM prolog script on red6107
===============================================================================
Job started on Wed Dec 25 12:25:27 GMT 2024
Job ID          : 152216
Job name        : 111
WorkDir         : /iridisfs/scratch/ba3g18/Lithium/Pre-opt/[111]
Command         : /iridisfs/scratch/ba3g18/Lithium/Pre-opt/[111]/QE_py.submit
Partition       : batch
Num hosts       : 1
Num cores       : 192
Num of tasks    : 192
Hosts allocated : red6107
Job Output Follows ...
===============================================================================
/scratch/ba3g18/Installations/mambaforge/envs/Simulations/lib/python3.12/site-packages/ase/io/espresso.py:1617: UserWarning: ibrav specified without celldm(1) ASE will guess them, use with care
  warnings.warn('ibrav specified without celldm(1)'
/scratch/ba3g18/Installations/mambaforge/envs/Simulations/lib/python3.12/site-packages/ase/io/espresso.py:1617: UserWarning: ibrav specified without celldm(1) ASE will guess them, use with care
  warnings.warn('ibrav specified without celldm(1)'
/scratch/ba3g18/Installations/mambaforge/envs/Simulations/lib/python3.12/site-packages/ase/io/espresso.py:1617: UserWarning: ibrav specified without celldm(1) ASE will guess them, use with care
  warnings.warn('ibrav specified without celldm(1)'
/scratch/ba3g18/Installations/mambaforge/envs/Simulations/lib/python3.12/site-packages/ase/io/espresso.py:1617: UserWarning: ibrav specified without celldm(1) ASE will guess them, use with care
  warnings.warn('ibrav specified without celldm(1)'
/scratch/ba3g18/Installations/mambaforge/envs/Simulations/lib/python3.12/site-packages/ase/io/espresso.py:1617: UserWarning: ibrav specified without celldm(1) ASE will guess them, use with care
  warnings.warn('ibrav specified without celldm(1)'
/scratch/ba3g18/Installations/mambaforge/envs/Simulations/lib/python3.12/site-packages/ase/io/espresso.py:1617: UserWarning: ibrav specified without celldm(1) ASE will guess them, use with care
  warnings.warn('ibrav specified without celldm(1)'
/scratch/ba3g18/Installations/mambaforge/envs/Simulations/lib/python3.12/site-packages/ase/io/espresso.py:1617: UserWarning: ibrav specified without celldm(1) ASE will guess them, use with care
  warnings.warn('ibrav specified without celldm(1)'
/scratch/ba3g18/Installations/mambaforge/envs/Simulations/lib/python3.12/site-packages/ase/io/espresso.py:1617: UserWarning: ibrav specified without celldm(1) ASE will guess them, use with care
  warnings.warn('ibrav specified without celldm(1)'
/scratch/ba3g18/Installations/mambaforge/envs/Simulations/lib/python3.12/site-packages/ase/io/espresso.py:1617: UserWarning: ibrav specified without celldm(1) ASE will guess them, use with care
  warnings.warn('ibrav specified without celldm(1)'
/scratch/ba3g18/Installations/mambaforge/envs/Simulations/lib/python3.12/site-packages/ase/io/espresso.py:1617: UserWarning: ibrav specified without celldm(1) ASE will guess them, use with care
  warnings.warn('ibrav specified without celldm(1)'
/scratch/ba3g18/Installations/mambaforge/envs/Simulations/lib/python3.12/site-packages/ase/io/espresso.py:1617: UserWarning: ibrav specified without celldm(1) ASE will guess them, use with care
  warnings.warn('ibrav specified without celldm(1)'
/scratch/ba3g18/Installations/mambaforge/envs/Simulations/lib/python3.12/site-packages/ase/io/espresso.py:1617: UserWarning: ibrav specified without celldm(1) ASE will guess them, use with care
  warnings.warn('ibrav specified without celldm(1)'
/scratch/ba3g18/Installations/mambaforge/envs/Simulations/lib/python3.12/site-packages/ase/io/espresso.py:1617: UserWarning: ibrav specified without celldm(1) ASE will guess them, use with care
  warnings.warn('ibrav specified without celldm(1)'
/scratch/ba3g18/Installations/mambaforge/envs/Simulations/lib/python3.12/site-packages/ase/io/espresso.py:1617: UserWarning: ibrav specified without celldm(1) ASE will guess them, use with care
  warnings.warn('ibrav specified without celldm(1)'
/scratch/ba3g18/Installations/mambaforge/envs/Simulations/lib/python3.12/site-packages/ase/io/espresso.py:1617: UserWarning: ibrav specified without celldm(1) ASE will guess them, use with care
  warnings.warn('ibrav specified without celldm(1)'
/scratch/ba3g18/Installations/mambaforge/envs/Simulations/lib/python3.12/site-packages/ase/io/espresso.py:1617: UserWarning: ibrav specified without celldm(1) ASE will guess them, use with care
  warnings.warn('ibrav specified without celldm(1)'
/scratch/ba3g18/Installations/mambaforge/envs/Simulations/lib/python3.12/site-packages/ase/io/espresso.py:1617: UserWarning: ibrav specified without celldm(1) ASE will guess them, use with care
  warnings.warn('ibrav specified without celldm(1)'
/scratch/ba3g18/Installations/mambaforge/envs/Simulations/lib/python3.12/site-packages/ase/io/espresso.py:1617: UserWarning: ibrav specified without celldm(1) ASE will guess them, use with care
  warnings.warn('ibrav specified without celldm(1)'
/scratch/ba3g18/Installations/mambaforge/envs/Simulations/lib/python3.12/site-packages/ase/io/espresso.py:1617: UserWarning: ibrav specified without celldm(1) ASE will guess them, use with care
  warnings.warn('ibrav specified without celldm(1)'
/scratch/ba3g18/Installations/mambaforge/envs/Simulations/lib/python3.12/site-packages/ase/io/espresso.py:1617: UserWarning: ibrav specified without celldm(1) ASE will guess them, use with care
  warnings.warn('ibrav specified without celldm(1)'
/scratch/ba3g18/Installations/mambaforge/envs/Simulations/lib/python3.12/site-packages/ase/io/espresso.py:1617: UserWarning: ibrav specified without celldm(1) ASE will guess them, use with care
  warnings.warn('ibrav specified without celldm(1)'
/scratch/ba3g18/Installations/mambaforge/envs/Simulations/lib/python3.12/site-packages/ase/io/espresso.py:1617: UserWarning: ibrav specified without celldm(1) ASE will guess them, use with care
  warnings.warn('ibrav specified without celldm(1)'
/scratch/ba3g18/Installations/mambaforge/envs/Simulations/lib/python3.12/site-packages/ase/io/espresso.py:1617: UserWarning: ibrav specified without celldm(1) ASE will guess them, use with care
  warnings.warn('ibrav specified without celldm(1)'
Surface energy: 0.5335 J/m^2
==============================================================================
Running epilogue script on red6107.

Submit time  : 2024-12-25T12:25:26
Start time   : 2024-12-25T12:25:27
End time     : 2024-12-26T02:47:33
Elapsed time : 14:22:06 (Timelimit=2-12:00:00)

Job ID: 152216
Cluster: iridis_vi
User/Group: ba3g18/eb
State: COMPLETED (exit code 0)
Nodes: 1
Cores per node: 192
CPU Utilized: 114-01:47:23
CPU Efficiency: 99.24% of 114-22:43:12 core-walltime
Job Wall-clock time: 14:22:06
Memory Utilized: 388.72 GB (estimated maximum)
Memory Efficiency: 61.89% of 628.12 GB (3.27 GB/core)

